<?xml version="1.0" encoding="UTF-8" ?>
<testsuite failures="0" time="0.009" errors="0" skipped="0" tests="1" name="com.dropwizard.AppTest">
  <properties>
    <property name="java.runtime.name" value="Java(TM) SE Runtime Environment"/>
    <property name="sun.boot.library.path" value="/System/Library/Java/JavaVirtualMachines/1.6.0.jdk/Contents/Libraries"/>
    <property name="java.vm.version" value="19.1-b02-334"/>
    <property name="awt.nativeDoubleBuffering" value="true"/>
    <property name="gopherProxySet" value="false"/>
    <property name="mrj.build" value="10M3326"/>
    <property name="java.vm.vendor" value="Apple Inc."/>
    <property name="java.vendor.url" value="http://www.apple.com/"/>
    <property name="path.separator" value=":"/>
    <property name="java.vm.name" value="Java HotSpot(TM) 64-Bit Server VM"/>
    <property name="file.encoding.pkg" value="sun.io"/>
    <property name="user.country" value="US"/>
    <property name="sun.java.launcher" value="SUN_STANDARD"/>
    <property name="sun.os.patch.level" value="unknown"/>
    <property name="java.vm.specification.name" value="Java Virtual Machine Specification"/>
    <property name="user.dir" value="/Users/dcapri/Sites/dropwizard/dropwizard"/>
    <property name="java.runtime.version" value="1.6.0_24-b07-334-10M3326"/>
    <property name="java.awt.graphicsenv" value="apple.awt.CGraphicsEnvironment"/>
    <property name="basedir" value="/Users/dcapri/Sites/dropwizard/dropwizard"/>
    <property name="java.endorsed.dirs" value="/System/Library/Java/JavaVirtualMachines/1.6.0.jdk/Contents/Home/lib/endorsed"/>
    <property name="os.arch" value="x86_64"/>
    <property name="surefire.real.class.path" value="/Users/dcapri/Sites/dropwizard/dropwizard/target/surefire/surefirebooter4688523818611274746.jar"/>
    <property name="java.io.tmpdir" value="/var/folders/Ic/IcBSPnYZGL0Plx5exidwDE+++TM/-Tmp-/"/>
    <property name="line.separator" value="
"/>
    <property name="java.vm.specification.vendor" value="Sun Microsystems Inc."/>
    <property name="os.name" value="Mac OS X"/>
    <property name="sun.jnu.encoding" value="MacRoman"/>
    <property name="java.library.path" value=".:/Library/Java/Extensions:/System/Library/Java/Extensions:/usr/lib/java"/>
    <property name="surefire.test.class.path" value="/Users/dcapri/Sites/dropwizard/dropwizard/target/test-classes:/Users/dcapri/Sites/dropwizard/dropwizard/target/classes:/Users/dcapri/.m2/repository/junit/junit/3.8.1/junit-3.8.1.jar:/Users/dcapri/.m2/repository/com/yammer/dropwizard/dropwizard-core/0.6.1/dropwizard-core-0.6.1.jar:/Users/dcapri/.m2/repository/com/sun/jersey/jersey-core/1.15/jersey-core-1.15.jar:/Users/dcapri/.m2/repository/com/sun/jersey/jersey-server/1.15/jersey-server-1.15.jar:/Users/dcapri/.m2/repository/asm/asm/3.1/asm-3.1.jar:/Users/dcapri/.m2/repository/com/sun/jersey/jersey-servlet/1.15/jersey-servlet-1.15.jar:/Users/dcapri/.m2/repository/com/yammer/metrics/metrics-core/2.2.0/metrics-core-2.2.0.jar:/Users/dcapri/.m2/repository/com/yammer/metrics/metrics-servlet/2.2.0/metrics-servlet-2.2.0.jar:/Users/dcapri/.m2/repository/com/yammer/metrics/metrics-jetty/2.2.0/metrics-jetty-2.2.0.jar:/Users/dcapri/.m2/repository/com/yammer/metrics/metrics-logback/2.2.0/metrics-logback-2.2.0.jar:/Users/dcapri/.m2/repository/com/yammer/metrics/metrics-jersey/2.2.0/metrics-jersey-2.2.0.jar:/Users/dcapri/.m2/repository/com/yammer/metrics/metrics-annotation/2.2.0/metrics-annotation-2.2.0.jar:/Users/dcapri/.m2/repository/com/fasterxml/jackson/core/jackson-databind/2.1.1/jackson-databind-2.1.1.jar:/Users/dcapri/.m2/repository/com/fasterxml/jackson/core/jackson-annotations/2.1.1/jackson-annotations-2.1.1.jar:/Users/dcapri/.m2/repository/com/fasterxml/jackson/core/jackson-core/2.1.1/jackson-core-2.1.1.jar:/Users/dcapri/.m2/repository/com/fasterxml/jackson/jaxrs/jackson-jaxrs-json-provider/2.1.1/jackson-jaxrs-json-provider-2.1.1.jar:/Users/dcapri/.m2/repository/com/fasterxml/jackson/module/jackson-module-jaxb-annotations/2.1.1/jackson-module-jaxb-annotations-2.1.1.jar:/Users/dcapri/.m2/repository/com/fasterxml/jackson/dataformat/jackson-dataformat-yaml/2.1.1/jackson-dataformat-yaml-2.1.1.jar:/Users/dcapri/.m2/repository/com/fasterxml/jackson/datatype/jackson-datatype-guava/2.1.1/jackson-datatype-guava-2.1.1.jar:/Users/dcapri/.m2/repository/net/sourceforge/argparse4j/argparse4j/0.2.2/argparse4j-0.2.2.jar:/Users/dcapri/.m2/repository/org/slf4j/slf4j-api/1.7.2/slf4j-api-1.7.2.jar:/Users/dcapri/.m2/repository/org/slf4j/jul-to-slf4j/1.7.2/jul-to-slf4j-1.7.2.jar:/Users/dcapri/.m2/repository/ch/qos/logback/logback-core/1.0.7/logback-core-1.0.7.jar:/Users/dcapri/.m2/repository/ch/qos/logback/logback-classic/1.0.7/logback-classic-1.0.7.jar:/Users/dcapri/.m2/repository/org/slf4j/log4j-over-slf4j/1.7.2/log4j-over-slf4j-1.7.2.jar:/Users/dcapri/.m2/repository/org/eclipse/jetty/jetty-server/8.1.8.v20121106/jetty-server-8.1.8.v20121106.jar:/Users/dcapri/.m2/repository/org/eclipse/jetty/orbit/javax.servlet/3.0.0.v201112011016/javax.servlet-3.0.0.v201112011016.jar:/Users/dcapri/.m2/repository/org/eclipse/jetty/jetty-continuation/8.1.8.v20121106/jetty-continuation-8.1.8.v20121106.jar:/Users/dcapri/.m2/repository/org/eclipse/jetty/jetty-servlet/8.1.8.v20121106/jetty-servlet-8.1.8.v20121106.jar:/Users/dcapri/.m2/repository/org/eclipse/jetty/jetty-security/8.1.8.v20121106/jetty-security-8.1.8.v20121106.jar:/Users/dcapri/.m2/repository/org/eclipse/jetty/jetty-http/8.1.8.v20121106/jetty-http-8.1.8.v20121106.jar:/Users/dcapri/.m2/repository/org/eclipse/jetty/jetty-io/8.1.8.v20121106/jetty-io-8.1.8.v20121106.jar:/Users/dcapri/.m2/repository/org/eclipse/jetty/jetty-util/8.1.8.v20121106/jetty-util-8.1.8.v20121106.jar:/Users/dcapri/.m2/repository/com/google/guava/guava/13.0.1/guava-13.0.1.jar:/Users/dcapri/.m2/repository/com/google/code/findbugs/jsr305/2.0.1/jsr305-2.0.1.jar:/Users/dcapri/.m2/repository/org/hibernate/hibernate-validator/4.3.0.Final/hibernate-validator-4.3.0.Final.jar:/Users/dcapri/.m2/repository/javax/validation/validation-api/1.0.0.GA/validation-api-1.0.0.GA.jar:/Users/dcapri/.m2/repository/org/jboss/logging/jboss-logging/3.1.0.CR2/jboss-logging-3.1.0.CR2.jar:/Users/dcapri/.m2/repository/joda-time/joda-time/2.1/joda-time-2.1.jar:/Users/dcapri/.m2/repository/com/fasterxml/jackson/datatype/jackson-datatype-joda/2.1.1/jackson-datatype-joda-2.1.1.jar:/Users/dcapri/.m2/repository/com/yammer/dropwizard/dropwizard-jdbi/0.6.1/dropwizard-jdbi-0.6.1.jar:/Users/dcapri/.m2/repository/com/yammer/dropwizard/dropwizard-db/0.6.1/dropwizard-db-0.6.1.jar:/Users/dcapri/.m2/repository/org/apache/tomcat/tomcat-dbcp/7.0.33/tomcat-dbcp-7.0.33.jar:/Users/dcapri/.m2/repository/org/jdbi/jdbi/2.41/jdbi-2.41.jar:/Users/dcapri/.m2/repository/com/yammer/metrics/metrics-jdbi/2.2.0/metrics-jdbi-2.2.0.jar:/Users/dcapri/.m2/repository/postgresql/postgresql/9.1-901.jdbc3/postgresql-9.1-901.jdbc3.jar:/Users/dcapri/.m2/repository/com/github/spullara/redis/client/0.3/client-0.3.jar:/Users/dcapri/.m2/repository/com/github/spullara/redis/protocol/0.3/protocol-0.3.jar:/Users/dcapri/.m2/repository/com/github/spullara/redis/util/0.3/util-0.3.jar:/Users/dcapri/.m2/repository/com/github/spullara/cli-parser/cli-parser/1.1/cli-parser-1.1.jar:"/>
    <property name="java.specification.name" value="Java Platform API Specification"/>
    <property name="java.class.version" value="50.0"/>
    <property name="sun.management.compiler" value="HotSpot 64-Bit Server Compiler"/>
    <property name="os.version" value="10.6.8"/>
    <property name="http.nonProxyHosts" value="local|*.local|169.254/16|*.169.254/16"/>
    <property name="user.home" value="/Users/dcapri"/>
    <property name="user.timezone" value=""/>
    <property name="java.awt.printerjob" value="apple.awt.CPrinterJob"/>
    <property name="java.specification.version" value="1.6"/>
    <property name="file.encoding" value="MacRoman"/>
    <property name="user.name" value="dcapri"/>
    <property name="java.class.path" value="/Users/dcapri/Sites/dropwizard/dropwizard/target/test-classes:/Users/dcapri/Sites/dropwizard/dropwizard/target/classes:/Users/dcapri/.m2/repository/junit/junit/3.8.1/junit-3.8.1.jar:/Users/dcapri/.m2/repository/com/yammer/dropwizard/dropwizard-core/0.6.1/dropwizard-core-0.6.1.jar:/Users/dcapri/.m2/repository/com/sun/jersey/jersey-core/1.15/jersey-core-1.15.jar:/Users/dcapri/.m2/repository/com/sun/jersey/jersey-server/1.15/jersey-server-1.15.jar:/Users/dcapri/.m2/repository/asm/asm/3.1/asm-3.1.jar:/Users/dcapri/.m2/repository/com/sun/jersey/jersey-servlet/1.15/jersey-servlet-1.15.jar:/Users/dcapri/.m2/repository/com/yammer/metrics/metrics-core/2.2.0/metrics-core-2.2.0.jar:/Users/dcapri/.m2/repository/com/yammer/metrics/metrics-servlet/2.2.0/metrics-servlet-2.2.0.jar:/Users/dcapri/.m2/repository/com/yammer/metrics/metrics-jetty/2.2.0/metrics-jetty-2.2.0.jar:/Users/dcapri/.m2/repository/com/yammer/metrics/metrics-logback/2.2.0/metrics-logback-2.2.0.jar:/Users/dcapri/.m2/repository/com/yammer/metrics/metrics-jersey/2.2.0/metrics-jersey-2.2.0.jar:/Users/dcapri/.m2/repository/com/yammer/metrics/metrics-annotation/2.2.0/metrics-annotation-2.2.0.jar:/Users/dcapri/.m2/repository/com/fasterxml/jackson/core/jackson-databind/2.1.1/jackson-databind-2.1.1.jar:/Users/dcapri/.m2/repository/com/fasterxml/jackson/core/jackson-annotations/2.1.1/jackson-annotations-2.1.1.jar:/Users/dcapri/.m2/repository/com/fasterxml/jackson/core/jackson-core/2.1.1/jackson-core-2.1.1.jar:/Users/dcapri/.m2/repository/com/fasterxml/jackson/jaxrs/jackson-jaxrs-json-provider/2.1.1/jackson-jaxrs-json-provider-2.1.1.jar:/Users/dcapri/.m2/repository/com/fasterxml/jackson/module/jackson-module-jaxb-annotations/2.1.1/jackson-module-jaxb-annotations-2.1.1.jar:/Users/dcapri/.m2/repository/com/fasterxml/jackson/dataformat/jackson-dataformat-yaml/2.1.1/jackson-dataformat-yaml-2.1.1.jar:/Users/dcapri/.m2/repository/com/fasterxml/jackson/datatype/jackson-datatype-guava/2.1.1/jackson-datatype-guava-2.1.1.jar:/Users/dcapri/.m2/repository/net/sourceforge/argparse4j/argparse4j/0.2.2/argparse4j-0.2.2.jar:/Users/dcapri/.m2/repository/org/slf4j/slf4j-api/1.7.2/slf4j-api-1.7.2.jar:/Users/dcapri/.m2/repository/org/slf4j/jul-to-slf4j/1.7.2/jul-to-slf4j-1.7.2.jar:/Users/dcapri/.m2/repository/ch/qos/logback/logback-core/1.0.7/logback-core-1.0.7.jar:/Users/dcapri/.m2/repository/ch/qos/logback/logback-classic/1.0.7/logback-classic-1.0.7.jar:/Users/dcapri/.m2/repository/org/slf4j/log4j-over-slf4j/1.7.2/log4j-over-slf4j-1.7.2.jar:/Users/dcapri/.m2/repository/org/eclipse/jetty/jetty-server/8.1.8.v20121106/jetty-server-8.1.8.v20121106.jar:/Users/dcapri/.m2/repository/org/eclipse/jetty/orbit/javax.servlet/3.0.0.v201112011016/javax.servlet-3.0.0.v201112011016.jar:/Users/dcapri/.m2/repository/org/eclipse/jetty/jetty-continuation/8.1.8.v20121106/jetty-continuation-8.1.8.v20121106.jar:/Users/dcapri/.m2/repository/org/eclipse/jetty/jetty-servlet/8.1.8.v20121106/jetty-servlet-8.1.8.v20121106.jar:/Users/dcapri/.m2/repository/org/eclipse/jetty/jetty-security/8.1.8.v20121106/jetty-security-8.1.8.v20121106.jar:/Users/dcapri/.m2/repository/org/eclipse/jetty/jetty-http/8.1.8.v20121106/jetty-http-8.1.8.v20121106.jar:/Users/dcapri/.m2/repository/org/eclipse/jetty/jetty-io/8.1.8.v20121106/jetty-io-8.1.8.v20121106.jar:/Users/dcapri/.m2/repository/org/eclipse/jetty/jetty-util/8.1.8.v20121106/jetty-util-8.1.8.v20121106.jar:/Users/dcapri/.m2/repository/com/google/guava/guava/13.0.1/guava-13.0.1.jar:/Users/dcapri/.m2/repository/com/google/code/findbugs/jsr305/2.0.1/jsr305-2.0.1.jar:/Users/dcapri/.m2/repository/org/hibernate/hibernate-validator/4.3.0.Final/hibernate-validator-4.3.0.Final.jar:/Users/dcapri/.m2/repository/javax/validation/validation-api/1.0.0.GA/validation-api-1.0.0.GA.jar:/Users/dcapri/.m2/repository/org/jboss/logging/jboss-logging/3.1.0.CR2/jboss-logging-3.1.0.CR2.jar:/Users/dcapri/.m2/repository/joda-time/joda-time/2.1/joda-time-2.1.jar:/Users/dcapri/.m2/repository/com/fasterxml/jackson/datatype/jackson-datatype-joda/2.1.1/jackson-datatype-joda-2.1.1.jar:/Users/dcapri/.m2/repository/com/yammer/dropwizard/dropwizard-jdbi/0.6.1/dropwizard-jdbi-0.6.1.jar:/Users/dcapri/.m2/repository/com/yammer/dropwizard/dropwizard-db/0.6.1/dropwizard-db-0.6.1.jar:/Users/dcapri/.m2/repository/org/apache/tomcat/tomcat-dbcp/7.0.33/tomcat-dbcp-7.0.33.jar:/Users/dcapri/.m2/repository/org/jdbi/jdbi/2.41/jdbi-2.41.jar:/Users/dcapri/.m2/repository/com/yammer/metrics/metrics-jdbi/2.2.0/metrics-jdbi-2.2.0.jar:/Users/dcapri/.m2/repository/postgresql/postgresql/9.1-901.jdbc3/postgresql-9.1-901.jdbc3.jar:/Users/dcapri/.m2/repository/com/github/spullara/redis/client/0.3/client-0.3.jar:/Users/dcapri/.m2/repository/com/github/spullara/redis/protocol/0.3/protocol-0.3.jar:/Users/dcapri/.m2/repository/com/github/spullara/redis/util/0.3/util-0.3.jar:/Users/dcapri/.m2/repository/com/github/spullara/cli-parser/cli-parser/1.1/cli-parser-1.1.jar:"/>
    <property name="java.vm.specification.version" value="1.0"/>
    <property name="sun.arch.data.model" value="64"/>
    <property name="java.home" value="/System/Library/Java/JavaVirtualMachines/1.6.0.jdk/Contents/Home"/>
    <property name="java.specification.vendor" value="Sun Microsystems Inc."/>
    <property name="user.language" value="en"/>
    <property name="awt.toolkit" value="apple.awt.CToolkit"/>
    <property name="java.vm.info" value="mixed mode"/>
    <property name="java.version" value="1.6.0_24"/>
    <property name="java.ext.dirs" value="/Library/Java/Extensions:/System/Library/Java/Extensions:/System/Library/Java/JavaVirtualMachines/1.6.0.jdk/Contents/Home/lib/ext"/>
    <property name="sun.boot.class.path" value="/System/Library/Java/JavaVirtualMachines/1.6.0.jdk/Contents/Classes/jsfd.jar:/System/Library/Java/JavaVirtualMachines/1.6.0.jdk/Contents/Classes/classes.jar:/System/Library/Frameworks/JavaVM.framework/Frameworks/JavaRuntimeSupport.framework/Resources/Java/JavaRuntimeSupport.jar:/System/Library/Java/JavaVirtualMachines/1.6.0.jdk/Contents/Classes/ui.jar:/System/Library/Java/JavaVirtualMachines/1.6.0.jdk/Contents/Classes/laf.jar:/System/Library/Java/JavaVirtualMachines/1.6.0.jdk/Contents/Classes/sunrsasign.jar:/System/Library/Java/JavaVirtualMachines/1.6.0.jdk/Contents/Classes/jsse.jar:/System/Library/Java/JavaVirtualMachines/1.6.0.jdk/Contents/Classes/jce.jar:/System/Library/Java/JavaVirtualMachines/1.6.0.jdk/Contents/Classes/charsets.jar"/>
    <property name="java.vendor" value="Apple Inc."/>
    <property name="localRepository" value="/Users/dcapri/.m2/repository"/>
    <property name="file.separator" value="/"/>
    <property name="java.vendor.url.bug" value="http://bugreport.apple.com/"/>
    <property name="sun.cpu.endian" value="little"/>
    <property name="sun.io.unicode.encoding" value="UnicodeLittle"/>
    <property name="mrj.version" value="1060.1.6.0_24-334"/>
    <property name="socksNonProxyHosts" value="local|*.local|169.254/16|*.169.254/16"/>
    <property name="ftp.nonProxyHosts" value="local|*.local|169.254/16|*.169.254/16"/>
    <property name="sun.cpu.isalist" value=""/>
  </properties>
  <testcase time="0.001" classname="com.dropwizard.AppTest" name="testApp"/>
</testsuite>